Arguments: 
  C:\Program Files\nodejs\node.exe C:\Users\EDZ\AppData\Roaming\npm\node_modules\yarn\bin\yarn.js

PATH: 
  C:\Users\EDZ\bin;C:\Program Files\Git\mingw64\bin;C:\Program Files\Git\usr\local\bin;C:\Program Files\Git\usr\bin;C:\Program Files\Git\usr\bin;C:\Program Files\Git\mingw64\bin;C:\Program Files\Git\usr\bin;C:\Users\EDZ\bin;C:\Program Files (x86)\Intel\Intel(R) Management Engine Components\iCLS;C:\Program Files\Intel\Intel(R) Management Engine Components\iCLS;C:\Windows\system32;C:\Windows;C:\Windows\System32\Wbem;C:\Windows\System32\WindowsPowerShell\v1.0;C:\Windows\System32\OpenSSH;C:\Program Files (x86)\Intel\Intel(R) Management Engine Components\DAL;C:\Program Files\Intel\Intel(R) Management Engine Components\DAL;C:\Program Files (x86)\NVIDIA Corporation\PhysX\Common;C:\Program Files\NVIDIA Corporation\NVIDIA NvDLISR;C:\Program Files\Git\cmd;C:\Users\EDZ\AppData\Roaming\nvm;C:\Program Files\nodejs;C:\Program Files\Java\jdk-15.0.2\bi;C:\Program Files\Java\jdk-15.0.2\jre\bin;.;C:\Users\EDZ\AppData\Local\Microsoft\WindowsApps;D:\软件\Microsoft VS Code\bin;C:\Users\EDZ\AppData\Roaming\npm;C:\Users\EDZ\AppData\Roaming\nvm;C:\Program Files\nodejs;C:\Program Files\Git\usr\bin\vendor_perl;C:\Program Files\Git\usr\bin\core_perl

Yarn version: 
  1.22.10

Node version: 
  12.19.0

Platform: 
  win32 x64

Trace: 
  Error: ENOENT: no such file or directory, copyfile 'C:\Users\EDZ\AppData\Local\Yarn\Cache\v6\npm-color-convert-1.9.3-bb71850690e1f136567de629d2d5471deda4c1e8-integrity\node_modules\color-convert\conversions.js' -> 'C:\Users\EDZ\Desktop\utils-warehouse\node_modules\@babel\highlight\node_modules\color-convert\conversions.js'

npm manifest: 
  {
    "name": "utils-warehouse",
    "version": "0.0.0",
    "scripts": {
      "start": "vite",
      "start:dev": "cross-env NODE_ENV=development vite",
      "start:prod": "cross-env NODE_ENV=production vite",
      "build": "vite build"
    },
    "dependencies": {
      "vue": "^3.0.4",
      "vue-router": "4.0.0-beta.6"
    },
    "devDependencies": {
      "@vue/compiler-sfc": "^3.0.4",
      "sass": "^1.34.0",
      "typescript": "^4.2.4",
      "vite": "^1.0.0-rc.13",
      "cross-env": "^5.2.0"
    }
  }

yarn manifest: 
  No manifest

Lockfile: 
  No lockfile
